  [1m[36m (0.1ms)[0m  [1mselect sqlite_version(*)[0m
  [1m[35m (5.5ms)[0m  CREATE TABLE "schema_migrations" ("version" varchar(255) NOT NULL) 
  [1m[36m (0.0ms)[0m  [1mPRAGMA index_list("schema_migrations")[0m
  [1m[35m (6.2ms)[0m  CREATE UNIQUE INDEX "unique_schema_migrations" ON "schema_migrations" ("version")
  [1m[36m (1.0ms)[0m  [1mSELECT "schema_migrations"."version" FROM "schema_migrations" [0m
  [1m[36m (1.1ms)[0m  [1mSELECT "schema_migrations"."version" FROM "schema_migrations" [0m
Migrating to CreateMovies (20111119180638)
  [1m[35m (0.0ms)[0m  select sqlite_version(*)
  [1m[36m (2.8ms)[0m  [1mCREATE TABLE "movies" ("id" INTEGER PRIMARY KEY AUTOINCREMENT NOT NULL, "title" varchar(255), "rating" varchar(255), "description" text, "release_date" datetime, "created_at" datetime, "updated_at" datetime) [0m
  [1m[35m (0.6ms)[0m  INSERT INTO "schema_migrations" ("version") VALUES ('20111119180638')
  [1m[36m (1.4ms)[0m  [1mselect sqlite_version(*)[0m
  [1m[35m (1.4ms)[0m  SELECT "schema_migrations"."version" FROM "schema_migrations" 
  [1m[36m (0.0ms)[0m  [1mPRAGMA index_list("movies")[0m
  [1m[36m (1.1ms)[0m  [1mSELECT "schema_migrations"."version" FROM "schema_migrations" [0m
  [1m[35mSQL (17.2ms)[0m  INSERT INTO "movies" ("created_at", "description", "rating", "release_date", "title", "updated_at") VALUES (?, ?, ?, ?, ?, ?)  [["created_at", Thu, 25 Jul 2013 13:26:31 UTC +00:00], ["description", nil], ["rating", "G"], ["release_date", Wed, 25 Nov 1992 00:00:00 UTC +00:00], ["title", "Aladdin"], ["updated_at", Thu, 25 Jul 2013 13:26:31 UTC +00:00]]
  [1m[36mSQL (3.9ms)[0m  [1mINSERT INTO "movies" ("created_at", "description", "rating", "release_date", "title", "updated_at") VALUES (?, ?, ?, ?, ?, ?)[0m  [["created_at", Thu, 25 Jul 2013 13:26:31 UTC +00:00], ["description", nil], ["rating", "R"], ["release_date", Fri, 26 Oct 1984 00:00:00 UTC +00:00], ["title", "The Terminator"], ["updated_at", Thu, 25 Jul 2013 13:26:31 UTC +00:00]]
  [1m[35mSQL (3.9ms)[0m  INSERT INTO "movies" ("created_at", "description", "rating", "release_date", "title", "updated_at") VALUES (?, ?, ?, ?, ?, ?)  [["created_at", Thu, 25 Jul 2013 13:26:31 UTC +00:00], ["description", nil], ["rating", "R"], ["release_date", Fri, 21 Jul 1989 00:00:00 UTC +00:00], ["title", "When Harry Met Sally"], ["updated_at", Thu, 25 Jul 2013 13:26:31 UTC +00:00]]
  [1m[36mSQL (3.7ms)[0m  [1mINSERT INTO "movies" ("created_at", "description", "rating", "release_date", "title", "updated_at") VALUES (?, ?, ?, ?, ?, ?)[0m  [["created_at", Thu, 25 Jul 2013 13:26:31 UTC +00:00], ["description", nil], ["rating", "PG-13"], ["release_date", Wed, 10 Aug 2011 00:00:00 UTC +00:00], ["title", "The Help"], ["updated_at", Thu, 25 Jul 2013 13:26:31 UTC +00:00]]
  [1m[35mSQL (3.9ms)[0m  INSERT INTO "movies" ("created_at", "description", "rating", "release_date", "title", "updated_at") VALUES (?, ?, ?, ?, ?, ?)  [["created_at", Thu, 25 Jul 2013 13:26:31 UTC +00:00], ["description", nil], ["rating", "PG-13"], ["release_date", Fri, 05 Jan 2001 00:00:00 UTC +00:00], ["title", "Chocolat"], ["updated_at", Thu, 25 Jul 2013 13:26:31 UTC +00:00]]
  [1m[36mSQL (4.0ms)[0m  [1mINSERT INTO "movies" ("created_at", "description", "rating", "release_date", "title", "updated_at") VALUES (?, ?, ?, ?, ?, ?)[0m  [["created_at", Thu, 25 Jul 2013 13:26:31 UTC +00:00], ["description", nil], ["rating", "R"], ["release_date", Wed, 25 Apr 2001 00:00:00 UTC +00:00], ["title", "Amelie"], ["updated_at", Thu, 25 Jul 2013 13:26:31 UTC +00:00]]
  [1m[35mSQL (3.7ms)[0m  INSERT INTO "movies" ("created_at", "description", "rating", "release_date", "title", "updated_at") VALUES (?, ?, ?, ?, ?, ?)  [["created_at", Thu, 25 Jul 2013 13:26:31 UTC +00:00], ["description", nil], ["rating", "G"], ["release_date", Sat, 06 Apr 1968 00:00:00 UTC +00:00], ["title", "2001: A Space Odyssey"], ["updated_at", Thu, 25 Jul 2013 13:26:31 UTC +00:00]]
  [1m[36mSQL (3.6ms)[0m  [1mINSERT INTO "movies" ("created_at", "description", "rating", "release_date", "title", "updated_at") VALUES (?, ?, ?, ?, ?, ?)[0m  [["created_at", Thu, 25 Jul 2013 13:26:31 UTC +00:00], ["description", nil], ["rating", "PG"], ["release_date", Fri, 05 Nov 2004 00:00:00 UTC +00:00], ["title", "The Incredibles"], ["updated_at", Thu, 25 Jul 2013 13:26:31 UTC +00:00]]
  [1m[35mSQL (3.9ms)[0m  INSERT INTO "movies" ("created_at", "description", "rating", "release_date", "title", "updated_at") VALUES (?, ?, ?, ?, ?, ?)  [["created_at", Thu, 25 Jul 2013 13:26:31 UTC +00:00], ["description", nil], ["rating", "PG"], ["release_date", Fri, 12 Jun 1981 00:00:00 UTC +00:00], ["title", "Raiders of the Lost Ark"], ["updated_at", Thu, 25 Jul 2013 13:26:31 UTC +00:00]]
  [1m[36mSQL (4.2ms)[0m  [1mINSERT INTO "movies" ("created_at", "description", "rating", "release_date", "title", "updated_at") VALUES (?, ?, ?, ?, ?, ?)[0m  [["created_at", Thu, 25 Jul 2013 13:26:31 UTC +00:00], ["description", nil], ["rating", "G"], ["release_date", Wed, 21 Jun 2000 00:00:00 UTC +00:00], ["title", "Chicken Run"], ["updated_at", Thu, 25 Jul 2013 13:26:31 UTC +00:00]]


Started GET "/assets/rails.png" for 127.0.0.1 at 2013-07-25 06:27:08 -0700
Served asset /rails.png - 200 OK (31ms)


Started GET "/movies" for 127.0.0.1 at 2013-07-25 06:27:36 -0700
  Processing by MoviesController#index as HTML
  [1m[36mMovie Load (1.7ms)[0m  [1mSELECT "movies".* FROM "movies" [0m
Rendered movies/index.html.haml within layouts/application (16.6ms)
Compiled application.css  (1ms)  (pid 2173)
Compiled application.js  (11ms)  (pid 2173)
Compiled jquery.js  (3ms)  (pid 2173)
Compiled jquery_ujs.js  (0ms)  (pid 2173)
Completed 200 OK in 298ms (Views: 294.3ms | ActiveRecord: 2.9ms)


Started GET "/assets/application.css?body=1" for 127.0.0.1 at 2013-07-25 06:27:37 -0700
Served asset /application.css - 304 Not Modified (59ms)


Started GET "/assets/jquery.js?body=1" for 127.0.0.1 at 2013-07-25 06:27:37 -0700
Served asset /jquery.js - 304 Not Modified (9ms)


Started GET "/assets/application.js?body=1" for 127.0.0.1 at 2013-07-25 06:27:37 -0700
Served asset /application.js - 304 Not Modified (39ms)


Started GET "/assets/jquery_ujs.js?body=1" for 127.0.0.1 at 2013-07-25 06:27:37 -0700
Served asset /jquery_ujs.js - 304 Not Modified (6ms)


Started GET "/movies/1" for 127.0.0.1 at 2013-07-25 06:27:42 -0700
  Processing by MoviesController#show as HTML
  Parameters: {"id"=>"1"}
  [1m[35mMovie Load (1.5ms)[0m  SELECT "movies".* FROM "movies" WHERE "movies"."id" = ? LIMIT 1  [["id", "1"]]
Rendered movies/show.html.haml within layouts/application (7.5ms)
Completed 200 OK in 67ms (Views: 61.6ms | ActiveRecord: 3.9ms)


Started GET "/assets/application.css?body=1" for 127.0.0.1 at 2013-07-25 06:27:42 -0700
Served asset /application.css - 304 Not Modified (0ms)


Started GET "/assets/jquery.js?body=1" for 127.0.0.1 at 2013-07-25 06:27:42 -0700
Served asset /jquery.js - 304 Not Modified (0ms)


Started GET "/assets/application.js?body=1" for 127.0.0.1 at 2013-07-25 06:27:42 -0700
Served asset /application.js - 304 Not Modified (1ms)


Started GET "/assets/jquery_ujs.js?body=1" for 127.0.0.1 at 2013-07-25 06:27:42 -0700
Served asset /jquery_ujs.js - 304 Not Modified (0ms)


Started GET "/movies" for 127.0.0.1 at 2013-07-25 06:27:44 -0700
  Processing by MoviesController#index as HTML
  [1m[36mMovie Load (1.3ms)[0m  [1mSELECT "movies".* FROM "movies" [0m
Rendered movies/index.html.haml within layouts/application (7.8ms)
Completed 200 OK in 70ms (Views: 65.3ms | ActiveRecord: 3.5ms)


Started GET "/assets/application.css?body=1" for 127.0.0.1 at 2013-07-25 06:27:45 -0700
Served asset /application.css - 304 Not Modified (0ms)


Started GET "/assets/application.js?body=1" for 127.0.0.1 at 2013-07-25 06:27:45 -0700
Served asset /application.js - 304 Not Modified (2ms)


Started GET "/assets/jquery.js?body=1" for 127.0.0.1 at 2013-07-25 06:27:45 -0700
Served asset /jquery.js - 304 Not Modified (0ms)


Started GET "/assets/jquery_ujs.js?body=1" for 127.0.0.1 at 2013-07-25 06:27:45 -0700
Served asset /jquery_ujs.js - 304 Not Modified (0ms)


Started GET "/movies/4" for 127.0.0.1 at 2013-07-25 06:27:47 -0700
  Processing by MoviesController#show as HTML
  Parameters: {"id"=>"4"}
  [1m[35mMovie Load (1.2ms)[0m  SELECT "movies".* FROM "movies" WHERE "movies"."id" = ? LIMIT 1  [["id", "4"]]
Rendered movies/show.html.haml within layouts/application (5.4ms)
Completed 200 OK in 68ms (Views: 63.0ms | ActiveRecord: 3.4ms)


Started GET "/assets/application.css?body=1" for 127.0.0.1 at 2013-07-25 06:27:47 -0700
Served asset /application.css - 304 Not Modified (0ms)


Started GET "/assets/jquery.js?body=1" for 127.0.0.1 at 2013-07-25 06:27:47 -0700
Served asset /jquery.js - 304 Not Modified (0ms)


Started GET "/assets/application.js?body=1" for 127.0.0.1 at 2013-07-25 06:27:47 -0700
Served asset /application.js - 304 Not Modified (2ms)


Started GET "/assets/jquery_ujs.js?body=1" for 127.0.0.1 at 2013-07-25 06:27:47 -0700
Served asset /jquery_ujs.js - 304 Not Modified (0ms)


Started GET "/movies" for 127.0.0.1 at 2013-07-25 06:27:48 -0700
  Processing by MoviesController#index as HTML
  [1m[36mMovie Load (1.5ms)[0m  [1mSELECT "movies".* FROM "movies" [0m
Rendered movies/index.html.haml within layouts/application (8.3ms)
Completed 200 OK in 68ms (Views: 62.5ms | ActiveRecord: 3.9ms)


Started GET "/assets/application.css?body=1" for 127.0.0.1 at 2013-07-25 06:27:48 -0700
Served asset /application.css - 304 Not Modified (126ms)


Started GET "/assets/jquery.js?body=1" for 127.0.0.1 at 2013-07-25 06:27:49 -0700
Served asset /jquery.js - 304 Not Modified (0ms)


Started GET "/assets/application.js?body=1" for 127.0.0.1 at 2013-07-25 06:27:49 -0700
Served asset /application.js - 304 Not Modified (1ms)


Started GET "/assets/jquery_ujs.js?body=1" for 127.0.0.1 at 2013-07-25 06:27:49 -0700
Served asset /jquery_ujs.js - 304 Not Modified (0ms)


Started GET "/movies/1" for 127.0.0.1 at 2013-07-25 06:27:52 -0700
  Processing by MoviesController#show as HTML
  Parameters: {"id"=>"1"}
  [1m[35mMovie Load (1.3ms)[0m  SELECT "movies".* FROM "movies" WHERE "movies"."id" = ? LIMIT 1  [["id", "1"]]
Rendered movies/show.html.haml within layouts/application (6.2ms)
Completed 200 OK in 66ms (Views: 61.8ms | ActiveRecord: 3.6ms)


Started GET "/assets/application.css?body=1" for 127.0.0.1 at 2013-07-25 06:27:52 -0700
Served asset /application.css - 304 Not Modified (1ms)


Started GET "/assets/application.js?body=1" for 127.0.0.1 at 2013-07-25 06:27:53 -0700
Served asset /application.js - 304 Not Modified (1ms)


Started GET "/assets/jquery.js?body=1" for 127.0.0.1 at 2013-07-25 06:27:53 -0700
Served asset /jquery.js - 304 Not Modified (0ms)


Started GET "/assets/jquery_ujs.js?body=1" for 127.0.0.1 at 2013-07-25 06:27:53 -0700
Served asset /jquery_ujs.js - 304 Not Modified (0ms)
  [1m[36m (1.0ms)[0m  [1mSELECT "schema_migrations"."version" FROM "schema_migrations" [0m
Migrating to CreateMovies (20111119180638)
  [1m[35m (1.1ms)[0m  select sqlite_version(*)
  [1m[36m (1.2ms)[0m  [1mSELECT "schema_migrations"."version" FROM "schema_migrations" [0m
  [1m[35m (0.0ms)[0m  PRAGMA index_list("movies")
  [1m[36m (1.3ms)[0m  [1mSELECT "schema_migrations"."version" FROM "schema_migrations" [0m
  [1m[35mSQL (15.5ms)[0m  INSERT INTO "movies" ("created_at", "description", "rating", "release_date", "title", "updated_at") VALUES (?, ?, ?, ?, ?, ?)  [["created_at", Thu, 01 Aug 2013 12:41:07 UTC +00:00], ["description", nil], ["rating", "G"], ["release_date", Wed, 25 Nov 1992 00:00:00 UTC +00:00], ["title", "Aladdin"], ["updated_at", Thu, 01 Aug 2013 12:41:07 UTC +00:00]]
  [1m[36mSQL (4.0ms)[0m  [1mINSERT INTO "movies" ("created_at", "description", "rating", "release_date", "title", "updated_at") VALUES (?, ?, ?, ?, ?, ?)[0m  [["created_at", Thu, 01 Aug 2013 12:41:07 UTC +00:00], ["description", nil], ["rating", "R"], ["release_date", Fri, 26 Oct 1984 00:00:00 UTC +00:00], ["title", "The Terminator"], ["updated_at", Thu, 01 Aug 2013 12:41:07 UTC +00:00]]
  [1m[35mSQL (4.2ms)[0m  INSERT INTO "movies" ("created_at", "description", "rating", "release_date", "title", "updated_at") VALUES (?, ?, ?, ?, ?, ?)  [["created_at", Thu, 01 Aug 2013 12:41:07 UTC +00:00], ["description", nil], ["rating", "R"], ["release_date", Fri, 21 Jul 1989 00:00:00 UTC +00:00], ["title", "When Harry Met Sally"], ["updated_at", Thu, 01 Aug 2013 12:41:07 UTC +00:00]]
  [1m[36mSQL (4.7ms)[0m  [1mINSERT INTO "movies" ("created_at", "description", "rating", "release_date", "title", "updated_at") VALUES (?, ?, ?, ?, ?, ?)[0m  [["created_at", Thu, 01 Aug 2013 12:41:07 UTC +00:00], ["description", nil], ["rating", "PG-13"], ["release_date", Wed, 10 Aug 2011 00:00:00 UTC +00:00], ["title", "The Help"], ["updated_at", Thu, 01 Aug 2013 12:41:07 UTC +00:00]]
  [1m[35mSQL (4.0ms)[0m  INSERT INTO "movies" ("created_at", "description", "rating", "release_date", "title", "updated_at") VALUES (?, ?, ?, ?, ?, ?)  [["created_at", Thu, 01 Aug 2013 12:41:07 UTC +00:00], ["description", nil], ["rating", "PG-13"], ["release_date", Fri, 05 Jan 2001 00:00:00 UTC +00:00], ["title", "Chocolat"], ["updated_at", Thu, 01 Aug 2013 12:41:07 UTC +00:00]]
  [1m[36mSQL (3.9ms)[0m  [1mINSERT INTO "movies" ("created_at", "description", "rating", "release_date", "title", "updated_at") VALUES (?, ?, ?, ?, ?, ?)[0m  [["created_at", Thu, 01 Aug 2013 12:41:07 UTC +00:00], ["description", nil], ["rating", "R"], ["release_date", Wed, 25 Apr 2001 00:00:00 UTC +00:00], ["title", "Amelie"], ["updated_at", Thu, 01 Aug 2013 12:41:07 UTC +00:00]]
  [1m[35mSQL (4.5ms)[0m  INSERT INTO "movies" ("created_at", "description", "rating", "release_date", "title", "updated_at") VALUES (?, ?, ?, ?, ?, ?)  [["created_at", Thu, 01 Aug 2013 12:41:07 UTC +00:00], ["description", nil], ["rating", "G"], ["release_date", Sat, 06 Apr 1968 00:00:00 UTC +00:00], ["title", "2001: A Space Odyssey"], ["updated_at", Thu, 01 Aug 2013 12:41:07 UTC +00:00]]
  [1m[36mSQL (4.1ms)[0m  [1mINSERT INTO "movies" ("created_at", "description", "rating", "release_date", "title", "updated_at") VALUES (?, ?, ?, ?, ?, ?)[0m  [["created_at", Thu, 01 Aug 2013 12:41:07 UTC +00:00], ["description", nil], ["rating", "PG"], ["release_date", Fri, 05 Nov 2004 00:00:00 UTC +00:00], ["title", "The Incredibles"], ["updated_at", Thu, 01 Aug 2013 12:41:07 UTC +00:00]]
  [1m[35mSQL (4.3ms)[0m  INSERT INTO "movies" ("created_at", "description", "rating", "release_date", "title", "updated_at") VALUES (?, ?, ?, ?, ?, ?)  [["created_at", Thu, 01 Aug 2013 12:41:07 UTC +00:00], ["description", nil], ["rating", "PG"], ["release_date", Fri, 12 Jun 1981 00:00:00 UTC +00:00], ["title", "Raiders of the Lost Ark"], ["updated_at", Thu, 01 Aug 2013 12:41:07 UTC +00:00]]
  [1m[36mSQL (4.0ms)[0m  [1mINSERT INTO "movies" ("created_at", "description", "rating", "release_date", "title", "updated_at") VALUES (?, ?, ?, ?, ?, ?)[0m  [["created_at", Thu, 01 Aug 2013 12:41:07 UTC +00:00], ["description", nil], ["rating", "G"], ["release_date", Wed, 21 Jun 2000 00:00:00 UTC +00:00], ["title", "Chicken Run"], ["updated_at", Thu, 01 Aug 2013 12:41:07 UTC +00:00]]


Started GET "/movies" for 127.0.0.1 at 2013-08-01 05:41:18 -0700
  Processing by MoviesController#index as HTML
  [1m[36mMovie Load (1.9ms)[0m  [1mSELECT "movies".* FROM "movies" [0m
Rendered movies/index.html.haml within layouts/application (20.9ms)
Completed 200 OK in 200ms (Views: 195.4ms | ActiveRecord: 3.1ms)


Started GET "/assets/application.css?body=1" for 127.0.0.1 at 2013-08-01 05:41:20 -0700
Served asset /application.css - 200 OK (19ms)


Started GET "/assets/jquery_ujs.js?body=1" for 127.0.0.1 at 2013-08-01 05:41:20 -0700
Served asset /jquery_ujs.js - 304 Not Modified (8ms)


Started GET "/assets/jquery.js?body=1" for 127.0.0.1 at 2013-08-01 05:41:20 -0700
Served asset /jquery.js - 304 Not Modified (11ms)


Started GET "/assets/application.js?body=1" for 127.0.0.1 at 2013-08-01 05:41:20 -0700
Served asset /application.js - 304 Not Modified (7ms)


Started GET "/movies" for 127.0.0.1 at 2013-08-01 05:41:27 -0700
  Processing by MoviesController#index as HTML
  [1m[35mMovie Load (1.5ms)[0m  SELECT "movies".* FROM "movies" 
Rendered movies/index.html.haml within layouts/application (13.6ms)
Completed 200 OK in 77ms (Views: 71.9ms | ActiveRecord: 4.0ms)


Started GET "/assets/application.css?body=1" for 127.0.0.1 at 2013-08-01 05:41:27 -0700
Served asset /application.css - 304 Not Modified (10ms)


Started GET "/assets/jquery.js?body=1" for 127.0.0.1 at 2013-08-01 05:41:27 -0700
Served asset /jquery.js - 304 Not Modified (0ms)


Started GET "/assets/jquery_ujs.js?body=1" for 127.0.0.1 at 2013-08-01 05:41:27 -0700
Served asset /jquery_ujs.js - 304 Not Modified (0ms)


Started GET "/assets/application.js?body=1" for 127.0.0.1 at 2013-08-01 05:41:27 -0700
Served asset /application.js - 304 Not Modified (2ms)


Started GET "/movies/11" for 127.0.0.1 at 2013-08-01 05:41:34 -0700
  Processing by MoviesController#show as HTML
  Parameters: {"id"=>"11"}
  [1m[36mMovie Load (1.2ms)[0m  [1mSELECT "movies".* FROM "movies" WHERE "movies"."id" = ? LIMIT 1[0m  [["id", "11"]]
Rendered movies/show.html.haml within layouts/application (8.1ms)
Completed 200 OK in 75ms (Views: 68.5ms | ActiveRecord: 3.8ms)


Started GET "/assets/application.css?body=1" for 127.0.0.1 at 2013-08-01 05:41:34 -0700
Served asset /application.css - 304 Not Modified (10ms)


Started GET "/assets/jquery_ujs.js?body=1" for 127.0.0.1 at 2013-08-01 05:41:34 -0700
Served asset /jquery_ujs.js - 304 Not Modified (0ms)


Started GET "/assets/application.js?body=1" for 127.0.0.1 at 2013-08-01 05:41:34 -0700
Served asset /application.js - 304 Not Modified (2ms)


Started GET "/assets/jquery.js?body=1" for 127.0.0.1 at 2013-08-01 05:41:34 -0700
Served asset /jquery.js - 304 Not Modified (0ms)


Started DELETE "/movies/11" for 127.0.0.1 at 2013-08-01 05:41:35 -0700
  Processing by MoviesController#destroy as HTML
  Parameters: {"authenticity_token"=>"OQMlTNXKp1SqojVgnxl+ilYvLPrmPS9UNELiIgmtkCw=", "id"=>"11"}
  [1m[35mMovie Load (1.5ms)[0m  SELECT "movies".* FROM "movies" WHERE "movies"."id" = ? LIMIT 1  [["id", "11"]]
  [1m[36mSQL (17.4ms)[0m  [1mDELETE FROM "movies" WHERE "movies"."id" = ?[0m  [["id", 11]]
Redirected to http://localhost:3000/movies
Completed 302 Found in 31ms


Started GET "/movies" for 127.0.0.1 at 2013-08-01 05:41:35 -0700
  Processing by MoviesController#index as HTML
  [1m[35mMovie Load (2.0ms)[0m  SELECT "movies".* FROM "movies" 
Rendered movies/index.html.haml within layouts/application (11.9ms)
Completed 200 OK in 80ms (Views: 73.5ms | ActiveRecord: 4.6ms)


Started GET "/assets/application.css?body=1" for 127.0.0.1 at 2013-08-01 05:41:36 -0700
Served asset /application.css - 304 Not Modified (10ms)


Started GET "/assets/application.js?body=1" for 127.0.0.1 at 2013-08-01 05:41:36 -0700
Served asset /application.js - 304 Not Modified (1ms)


Started GET "/assets/jquery_ujs.js?body=1" for 127.0.0.1 at 2013-08-01 05:41:36 -0700
Served asset /jquery_ujs.js - 304 Not Modified (0ms)


Started GET "/assets/jquery.js?body=1" for 127.0.0.1 at 2013-08-01 05:41:36 -0700
Served asset /jquery.js - 304 Not Modified (0ms)


Started GET "/movies/12" for 127.0.0.1 at 2013-08-01 05:41:37 -0700
  Processing by MoviesController#show as HTML
  Parameters: {"id"=>"12"}
  [1m[36mMovie Load (1.2ms)[0m  [1mSELECT "movies".* FROM "movies" WHERE "movies"."id" = ? LIMIT 1[0m  [["id", "12"]]
Rendered movies/show.html.haml within layouts/application (6.1ms)
Completed 200 OK in 71ms (Views: 66.9ms | ActiveRecord: 3.3ms)


Started GET "/assets/jquery.js?body=1" for 127.0.0.1 at 2013-08-01 05:41:37 -0700
Served asset /jquery.js - 304 Not Modified (0ms)


Started GET "/assets/jquery_ujs.js?body=1" for 127.0.0.1 at 2013-08-01 05:41:37 -0700
Served asset /jquery_ujs.js - 304 Not Modified (0ms)


Started GET "/assets/application.js?body=1" for 127.0.0.1 at 2013-08-01 05:41:37 -0700
Served asset /application.js - 304 Not Modified (1ms)


Started GET "/assets/application.css?body=1" for 127.0.0.1 at 2013-08-01 05:41:37 -0700
Served asset /application.css - 304 Not Modified (5ms)


Started DELETE "/movies/12" for 127.0.0.1 at 2013-08-01 05:41:38 -0700
  Processing by MoviesController#destroy as HTML
  Parameters: {"authenticity_token"=>"OQMlTNXKp1SqojVgnxl+ilYvLPrmPS9UNELiIgmtkCw=", "id"=>"12"}
  [1m[35mMovie Load (1.3ms)[0m  SELECT "movies".* FROM "movies" WHERE "movies"."id" = ? LIMIT 1  [["id", "12"]]
  [1m[36mSQL (2.6ms)[0m  [1mDELETE FROM "movies" WHERE "movies"."id" = ?[0m  [["id", 12]]
Redirected to http://localhost:3000/movies
Completed 302 Found in 16ms


Started GET "/movies" for 127.0.0.1 at 2013-08-01 05:41:39 -0700
  Processing by MoviesController#index as HTML
  [1m[35mMovie Load (2.0ms)[0m  SELECT "movies".* FROM "movies" 
Rendered movies/index.html.haml within layouts/application (12.0ms)
Completed 200 OK in 82ms (Views: 75.5ms | ActiveRecord: 4.7ms)


Started GET "/assets/jquery.js?body=1" for 127.0.0.1 at 2013-08-01 05:41:39 -0700
Served asset /jquery.js - 304 Not Modified (0ms)


Started GET "/assets/application.js?body=1" for 127.0.0.1 at 2013-08-01 05:41:39 -0700
Served asset /application.js - 304 Not Modified (1ms)


Started GET "/assets/jquery_ujs.js?body=1" for 127.0.0.1 at 2013-08-01 05:41:39 -0700
Served asset /jquery_ujs.js - 304 Not Modified (0ms)


Started GET "/assets/application.css?body=1" for 127.0.0.1 at 2013-08-01 05:41:39 -0700
Served asset /application.css - 304 Not Modified (3ms)


Started GET "/movies/13" for 127.0.0.1 at 2013-08-01 05:41:42 -0700
  Processing by MoviesController#show as HTML
  Parameters: {"id"=>"13"}
  [1m[36mMovie Load (1.4ms)[0m  [1mSELECT "movies".* FROM "movies" WHERE "movies"."id" = ? LIMIT 1[0m  [["id", "13"]]
Rendered movies/show.html.haml within layouts/application (6.1ms)
Completed 200 OK in 72ms (Views: 67.0ms | ActiveRecord: 3.7ms)


Started GET "/assets/application.css?body=1" for 127.0.0.1 at 2013-08-01 05:41:42 -0700
Served asset /application.css - 304 Not Modified (18ms)


Started GET "/assets/jquery.js?body=1" for 127.0.0.1 at 2013-08-01 05:41:42 -0700
Served asset /jquery.js - 304 Not Modified (0ms)


Started GET "/assets/application.js?body=1" for 127.0.0.1 at 2013-08-01 05:41:42 -0700
Served asset /application.js - 304 Not Modified (1ms)


Started GET "/assets/jquery_ujs.js?body=1" for 127.0.0.1 at 2013-08-01 05:41:42 -0700
Served asset /jquery_ujs.js - 304 Not Modified (0ms)


Started DELETE "/movies/13" for 127.0.0.1 at 2013-08-01 05:41:43 -0700
  Processing by MoviesController#destroy as HTML
  Parameters: {"authenticity_token"=>"OQMlTNXKp1SqojVgnxl+ilYvLPrmPS9UNELiIgmtkCw=", "id"=>"13"}
  [1m[35mMovie Load (1.3ms)[0m  SELECT "movies".* FROM "movies" WHERE "movies"."id" = ? LIMIT 1  [["id", "13"]]
  [1m[36mSQL (3.0ms)[0m  [1mDELETE FROM "movies" WHERE "movies"."id" = ?[0m  [["id", 13]]
Redirected to http://localhost:3000/movies
Completed 302 Found in 17ms


Started GET "/movies" for 127.0.0.1 at 2013-08-01 05:41:43 -0700
  Processing by MoviesController#index as HTML
  [1m[35mMovie Load (2.1ms)[0m  SELECT "movies".* FROM "movies" 
Rendered movies/index.html.haml within layouts/application (11.0ms)
Completed 200 OK in 79ms (Views: 72.8ms | ActiveRecord: 5.1ms)


Started GET "/assets/application.js?body=1" for 127.0.0.1 at 2013-08-01 05:41:43 -0700
Served asset /application.js - 304 Not Modified (2ms)


Started GET "/assets/jquery_ujs.js?body=1" for 127.0.0.1 at 2013-08-01 05:41:43 -0700
Served asset /jquery_ujs.js - 304 Not Modified (0ms)


Started GET "/assets/application.css?body=1" for 127.0.0.1 at 2013-08-01 05:41:43 -0700
Served asset /application.css - 304 Not Modified (2ms)


Started GET "/assets/jquery.js?body=1" for 127.0.0.1 at 2013-08-01 05:41:43 -0700
Served asset /jquery.js - 304 Not Modified (0ms)


Started GET "/movies/14" for 127.0.0.1 at 2013-08-01 05:41:45 -0700
  Processing by MoviesController#show as HTML
  Parameters: {"id"=>"14"}
  [1m[36mMovie Load (1.8ms)[0m  [1mSELECT "movies".* FROM "movies" WHERE "movies"."id" = ? LIMIT 1[0m  [["id", "14"]]
Rendered movies/show.html.haml within layouts/application (6.1ms)
Completed 200 OK in 80ms (Views: 73.5ms | ActiveRecord: 4.5ms)


Started GET "/assets/application.css?body=1" for 127.0.0.1 at 2013-08-01 05:41:45 -0700
Served asset /application.css - 304 Not Modified (10ms)


Started GET "/assets/jquery.js?body=1" for 127.0.0.1 at 2013-08-01 05:41:45 -0700
Served asset /jquery.js - 304 Not Modified (0ms)


Started GET "/assets/jquery_ujs.js?body=1" for 127.0.0.1 at 2013-08-01 05:41:45 -0700
Served asset /jquery_ujs.js - 304 Not Modified (0ms)


Started GET "/assets/application.js?body=1" for 127.0.0.1 at 2013-08-01 05:41:45 -0700
Served asset /application.js - 304 Not Modified (1ms)


Started DELETE "/movies/14" for 127.0.0.1 at 2013-08-01 05:41:46 -0700
  Processing by MoviesController#destroy as HTML
  Parameters: {"authenticity_token"=>"OQMlTNXKp1SqojVgnxl+ilYvLPrmPS9UNELiIgmtkCw=", "id"=>"14"}
  [1m[35mMovie Load (1.4ms)[0m  SELECT "movies".* FROM "movies" WHERE "movies"."id" = ? LIMIT 1  [["id", "14"]]
  [1m[36mSQL (3.2ms)[0m  [1mDELETE FROM "movies" WHERE "movies"."id" = ?[0m  [["id", 14]]
Redirected to http://localhost:3000/movies
Completed 302 Found in 17ms


Started GET "/movies" for 127.0.0.1 at 2013-08-01 05:41:46 -0700
  Processing by MoviesController#index as HTML
  [1m[35mMovie Load (1.6ms)[0m  SELECT "movies".* FROM "movies" 
Rendered movies/index.html.haml within layouts/application (10.6ms)
Completed 200 OK in 79ms (Views: 73.8ms | ActiveRecord: 4.2ms)


Started GET "/assets/application.css?body=1" for 127.0.0.1 at 2013-08-01 05:41:47 -0700
Served asset /application.css - 304 Not Modified (10ms)


Started GET "/assets/application.js?body=1" for 127.0.0.1 at 2013-08-01 05:41:47 -0700
Served asset /application.js - 304 Not Modified (1ms)


Started GET "/assets/jquery.js?body=1" for 127.0.0.1 at 2013-08-01 05:41:47 -0700
Served asset /jquery.js - 304 Not Modified (0ms)


Started GET "/assets/jquery_ujs.js?body=1" for 127.0.0.1 at 2013-08-01 05:41:47 -0700
Served asset /jquery_ujs.js - 304 Not Modified (0ms)


Started GET "/movies/16" for 127.0.0.1 at 2013-08-01 05:41:48 -0700
  Processing by MoviesController#show as HTML
  Parameters: {"id"=>"16"}
  [1m[36mMovie Load (1.6ms)[0m  [1mSELECT "movies".* FROM "movies" WHERE "movies"."id" = ? LIMIT 1[0m  [["id", "16"]]
Rendered movies/show.html.haml within layouts/application (5.6ms)
Completed 200 OK in 71ms (Views: 65.7ms | ActiveRecord: 4.1ms)


Started GET "/assets/application.css?body=1" for 127.0.0.1 at 2013-08-01 05:41:48 -0700
Served asset /application.css - 304 Not Modified (11ms)


Started GET "/assets/jquery.js?body=1" for 127.0.0.1 at 2013-08-01 05:41:48 -0700
Served asset /jquery.js - 304 Not Modified (0ms)


Started GET "/assets/jquery_ujs.js?body=1" for 127.0.0.1 at 2013-08-01 05:41:48 -0700
Served asset /jquery_ujs.js - 304 Not Modified (0ms)


Started GET "/assets/application.js?body=1" for 127.0.0.1 at 2013-08-01 05:41:48 -0700
Served asset /application.js - 304 Not Modified (4ms)


Started DELETE "/movies/16" for 127.0.0.1 at 2013-08-01 05:41:49 -0700
  Processing by MoviesController#destroy as HTML
  Parameters: {"authenticity_token"=>"OQMlTNXKp1SqojVgnxl+ilYvLPrmPS9UNELiIgmtkCw=", "id"=>"16"}
  [1m[35mMovie Load (2.4ms)[0m  SELECT "movies".* FROM "movies" WHERE "movies"."id" = ? LIMIT 1  [["id", "16"]]
  [1m[36mSQL (3.3ms)[0m  [1mDELETE FROM "movies" WHERE "movies"."id" = ?[0m  [["id", 16]]
Redirected to http://localhost:3000/movies
Completed 302 Found in 18ms


Started GET "/movies" for 127.0.0.1 at 2013-08-01 05:41:49 -0700
  Processing by MoviesController#index as HTML
  [1m[35mMovie Load (1.8ms)[0m  SELECT "movies".* FROM "movies" 
Rendered movies/index.html.haml within layouts/application (10.6ms)
Completed 200 OK in 109ms (Views: 103.2ms | ActiveRecord: 4.2ms)


Started GET "/assets/application.css?body=1" for 127.0.0.1 at 2013-08-01 05:41:49 -0700
Served asset /application.css - 304 Not Modified (24ms)


Started GET "/assets/jquery.js?body=1" for 127.0.0.1 at 2013-08-01 05:41:49 -0700
Served asset /jquery.js - 304 Not Modified (0ms)


Started GET "/assets/application.js?body=1" for 127.0.0.1 at 2013-08-01 05:41:49 -0700
Served asset /application.js - 304 Not Modified (1ms)


Started GET "/assets/jquery_ujs.js?body=1" for 127.0.0.1 at 2013-08-01 05:41:49 -0700
Served asset /jquery_ujs.js - 304 Not Modified (0ms)


Started GET "/movies/15" for 127.0.0.1 at 2013-08-01 05:41:50 -0700
  Processing by MoviesController#show as HTML
  Parameters: {"id"=>"15"}
  [1m[36mMovie Load (1.5ms)[0m  [1mSELECT "movies".* FROM "movies" WHERE "movies"."id" = ? LIMIT 1[0m  [["id", "15"]]
Rendered movies/show.html.haml within layouts/application (6.0ms)
Completed 200 OK in 137ms (Views: 131.3ms | ActiveRecord: 4.2ms)


Started GET "/assets/jquery.js?body=1" for 127.0.0.1 at 2013-08-01 05:41:50 -0700
Served asset /jquery.js - 304 Not Modified (0ms)


Started GET "/assets/application.css?body=1" for 127.0.0.1 at 2013-08-01 05:41:50 -0700
Served asset /application.css - 304 Not Modified (4ms)


Started GET "/assets/jquery_ujs.js?body=1" for 127.0.0.1 at 2013-08-01 05:41:50 -0700
Served asset /jquery_ujs.js - 304 Not Modified (0ms)


Started GET "/assets/application.js?body=1" for 127.0.0.1 at 2013-08-01 05:41:50 -0700
Served asset /application.js - 304 Not Modified (1ms)


Started DELETE "/movies/15" for 127.0.0.1 at 2013-08-01 05:41:51 -0700
  Processing by MoviesController#destroy as HTML
  Parameters: {"authenticity_token"=>"OQMlTNXKp1SqojVgnxl+ilYvLPrmPS9UNELiIgmtkCw=", "id"=>"15"}
  [1m[35mMovie Load (1.2ms)[0m  SELECT "movies".* FROM "movies" WHERE "movies"."id" = ? LIMIT 1  [["id", "15"]]
  [1m[36mSQL (4.1ms)[0m  [1mDELETE FROM "movies" WHERE "movies"."id" = ?[0m  [["id", 15]]
Redirected to http://localhost:3000/movies
Completed 302 Found in 17ms


Started GET "/movies" for 127.0.0.1 at 2013-08-01 05:41:51 -0700
  Processing by MoviesController#index as HTML
  [1m[35mMovie Load (2.2ms)[0m  SELECT "movies".* FROM "movies" 
Rendered movies/index.html.haml within layouts/application (38.7ms)
Completed 200 OK in 110ms (Views: 104.2ms | ActiveRecord: 4.8ms)


Started GET "/assets/jquery_ujs.js?body=1" for 127.0.0.1 at 2013-08-01 05:41:51 -0700
Served asset /jquery_ujs.js - 304 Not Modified (0ms)


Started GET "/assets/application.js?body=1" for 127.0.0.1 at 2013-08-01 05:41:51 -0700
Served asset /application.js - 304 Not Modified (1ms)


Started GET "/assets/jquery.js?body=1" for 127.0.0.1 at 2013-08-01 05:41:51 -0700
Served asset /jquery.js - 304 Not Modified (0ms)


Started GET "/assets/application.css?body=1" for 127.0.0.1 at 2013-08-01 05:41:51 -0700
Served asset /application.css - 304 Not Modified (2ms)


Started GET "/movies/17" for 127.0.0.1 at 2013-08-01 05:41:52 -0700
  Processing by MoviesController#show as HTML
  Parameters: {"id"=>"17"}
  [1m[36mMovie Load (1.2ms)[0m  [1mSELECT "movies".* FROM "movies" WHERE "movies"."id" = ? LIMIT 1[0m  [["id", "17"]]
Rendered movies/show.html.haml within layouts/application (5.9ms)
Completed 200 OK in 78ms (Views: 72.0ms | ActiveRecord: 4.1ms)


Started GET "/assets/application.css?body=1" for 127.0.0.1 at 2013-08-01 05:41:53 -0700
Served asset /application.css - 304 Not Modified (10ms)


Started GET "/assets/jquery.js?body=1" for 127.0.0.1 at 2013-08-01 05:41:53 -0700
Served asset /jquery.js - 304 Not Modified (0ms)


Started GET "/assets/jquery_ujs.js?body=1" for 127.0.0.1 at 2013-08-01 05:41:53 -0700
Served asset /jquery_ujs.js - 304 Not Modified (0ms)


Started GET "/assets/application.js?body=1" for 127.0.0.1 at 2013-08-01 05:41:53 -0700
Served asset /application.js - 304 Not Modified (2ms)


Started DELETE "/movies/17" for 127.0.0.1 at 2013-08-01 05:41:54 -0700
  Processing by MoviesController#destroy as HTML
  Parameters: {"authenticity_token"=>"OQMlTNXKp1SqojVgnxl+ilYvLPrmPS9UNELiIgmtkCw=", "id"=>"17"}
  [1m[35mMovie Load (1.2ms)[0m  SELECT "movies".* FROM "movies" WHERE "movies"."id" = ? LIMIT 1  [["id", "17"]]
  [1m[36mSQL (2.7ms)[0m  [1mDELETE FROM "movies" WHERE "movies"."id" = ?[0m  [["id", 17]]
Redirected to http://localhost:3000/movies
Completed 302 Found in 17ms


Started GET "/movies" for 127.0.0.1 at 2013-08-01 05:41:54 -0700
  Processing by MoviesController#index as HTML
  [1m[35mMovie Load (1.6ms)[0m  SELECT "movies".* FROM "movies" 
Rendered movies/index.html.haml within layouts/application (38.7ms)
Completed 200 OK in 107ms (Views: 102.3ms | ActiveRecord: 4.0ms)


Started GET "/assets/jquery.js?body=1" for 127.0.0.1 at 2013-08-01 05:41:54 -0700
Served asset /jquery.js - 304 Not Modified (143ms)


Started GET "/assets/jquery_ujs.js?body=1" for 127.0.0.1 at 2013-08-01 05:41:54 -0700
Served asset /jquery_ujs.js - 304 Not Modified (0ms)


Started GET "/assets/application.js?body=1" for 127.0.0.1 at 2013-08-01 05:41:54 -0700
Served asset /application.js - 304 Not Modified (1ms)


Started GET "/assets/application.css?body=1" for 127.0.0.1 at 2013-08-01 05:41:54 -0700
Served asset /application.css - 304 Not Modified (2ms)


Started GET "/movies/18" for 127.0.0.1 at 2013-08-01 05:41:55 -0700
  Processing by MoviesController#show as HTML
  Parameters: {"id"=>"18"}
  [1m[36mMovie Load (1.2ms)[0m  [1mSELECT "movies".* FROM "movies" WHERE "movies"."id" = ? LIMIT 1[0m  [["id", "18"]]
Rendered movies/show.html.haml within layouts/application (6.1ms)
Completed 200 OK in 70ms (Views: 65.1ms | ActiveRecord: 3.7ms)


Started GET "/assets/application.css?body=1" for 127.0.0.1 at 2013-08-01 05:41:55 -0700
Served asset /application.css - 304 Not Modified (22ms)


Started GET "/assets/jquery.js?body=1" for 127.0.0.1 at 2013-08-01 05:41:55 -0700
Served asset /jquery.js - 304 Not Modified (0ms)


Started GET "/assets/application.js?body=1" for 127.0.0.1 at 2013-08-01 05:41:55 -0700
Served asset /application.js - 304 Not Modified (1ms)


Started GET "/assets/jquery_ujs.js?body=1" for 127.0.0.1 at 2013-08-01 05:41:55 -0700
Served asset /jquery_ujs.js - 304 Not Modified (0ms)


Started DELETE "/movies/18" for 127.0.0.1 at 2013-08-01 05:41:56 -0700
  Processing by MoviesController#destroy as HTML
  Parameters: {"authenticity_token"=>"OQMlTNXKp1SqojVgnxl+ilYvLPrmPS9UNELiIgmtkCw=", "id"=>"18"}
  [1m[35mMovie Load (1.2ms)[0m  SELECT "movies".* FROM "movies" WHERE "movies"."id" = ? LIMIT 1  [["id", "18"]]
  [1m[36mSQL (3.2ms)[0m  [1mDELETE FROM "movies" WHERE "movies"."id" = ?[0m  [["id", 18]]
Redirected to http://localhost:3000/movies
Completed 302 Found in 16ms


Started GET "/movies" for 127.0.0.1 at 2013-08-01 05:41:57 -0700
  Processing by MoviesController#index as HTML
  [1m[35mMovie Load (1.5ms)[0m  SELECT "movies".* FROM "movies" 
Rendered movies/index.html.haml within layouts/application (36.3ms)
Completed 200 OK in 111ms (Views: 104.9ms | ActiveRecord: 4.2ms)


Started GET "/assets/application.css?body=1" for 127.0.0.1 at 2013-08-01 05:41:57 -0700
Served asset /application.css - 304 Not Modified (10ms)


Started GET "/assets/jquery.js?body=1" for 127.0.0.1 at 2013-08-01 05:41:57 -0700
Served asset /jquery.js - 304 Not Modified (0ms)


Started GET "/assets/application.js?body=1" for 127.0.0.1 at 2013-08-01 05:41:57 -0700
Served asset /application.js - 304 Not Modified (1ms)


Started GET "/assets/jquery_ujs.js?body=1" for 127.0.0.1 at 2013-08-01 05:41:57 -0700
Served asset /jquery_ujs.js - 304 Not Modified (0ms)


Started GET "/movies/19" for 127.0.0.1 at 2013-08-01 05:41:57 -0700
  Processing by MoviesController#show as HTML
  Parameters: {"id"=>"19"}
  [1m[36mMovie Load (2.0ms)[0m  [1mSELECT "movies".* FROM "movies" WHERE "movies"."id" = ? LIMIT 1[0m  [["id", "19"]]
Rendered movies/show.html.haml within layouts/application (6.0ms)
Completed 200 OK in 81ms (Views: 74.9ms | ActiveRecord: 4.4ms)


Started GET "/assets/application.css?body=1" for 127.0.0.1 at 2013-08-01 05:41:58 -0700
Served asset /application.css - 304 Not Modified (11ms)


Started GET "/assets/jquery.js?body=1" for 127.0.0.1 at 2013-08-01 05:41:58 -0700
Served asset /jquery.js - 304 Not Modified (0ms)


Started GET "/assets/jquery_ujs.js?body=1" for 127.0.0.1 at 2013-08-01 05:41:58 -0700
Served asset /jquery_ujs.js - 304 Not Modified (0ms)


Started GET "/assets/application.js?body=1" for 127.0.0.1 at 2013-08-01 05:41:58 -0700
Served asset /application.js - 304 Not Modified (2ms)


Started DELETE "/movies/19" for 127.0.0.1 at 2013-08-01 05:41:58 -0700
  Processing by MoviesController#destroy as HTML
  Parameters: {"authenticity_token"=>"OQMlTNXKp1SqojVgnxl+ilYvLPrmPS9UNELiIgmtkCw=", "id"=>"19"}
  [1m[35mMovie Load (1.7ms)[0m  SELECT "movies".* FROM "movies" WHERE "movies"."id" = ? LIMIT 1  [["id", "19"]]
  [1m[36mSQL (4.0ms)[0m  [1mDELETE FROM "movies" WHERE "movies"."id" = ?[0m  [["id", 19]]
Redirected to http://localhost:3000/movies
Completed 302 Found in 20ms


Started GET "/movies" for 127.0.0.1 at 2013-08-01 05:41:59 -0700
  Processing by MoviesController#index as HTML
  [1m[35mMovie Load (1.3ms)[0m  SELECT "movies".* FROM "movies" 
Rendered movies/index.html.haml within layouts/application (8.9ms)
Completed 200 OK in 77ms (Views: 71.9ms | ActiveRecord: 3.9ms)


Started GET "/assets/application.css?body=1" for 127.0.0.1 at 2013-08-01 05:41:59 -0700
Served asset /application.css - 304 Not Modified (33ms)


Started GET "/assets/jquery_ujs.js?body=1" for 127.0.0.1 at 2013-08-01 05:41:59 -0700
Served asset /jquery_ujs.js - 304 Not Modified (0ms)


Started GET "/assets/jquery.js?body=1" for 127.0.0.1 at 2013-08-01 05:41:59 -0700
Served asset /jquery.js - 304 Not Modified (0ms)


Started GET "/assets/application.js?body=1" for 127.0.0.1 at 2013-08-01 05:41:59 -0700
Served asset /application.js - 304 Not Modified (2ms)


Started GET "/movies/20" for 127.0.0.1 at 2013-08-01 05:42:00 -0700
  Processing by MoviesController#show as HTML
  Parameters: {"id"=>"20"}
  [1m[36mMovie Load (1.4ms)[0m  [1mSELECT "movies".* FROM "movies" WHERE "movies"."id" = ? LIMIT 1[0m  [["id", "20"]]
Rendered movies/show.html.haml within layouts/application (6.3ms)
Completed 200 OK in 72ms (Views: 66.7ms | ActiveRecord: 4.1ms)


Started GET "/assets/application.css?body=1" for 127.0.0.1 at 2013-08-01 05:42:00 -0700
Served asset /application.css - 304 Not Modified (10ms)


Started GET "/assets/jquery_ujs.js?body=1" for 127.0.0.1 at 2013-08-01 05:42:00 -0700
Served asset /jquery_ujs.js - 304 Not Modified (0ms)


Started GET "/assets/jquery.js?body=1" for 127.0.0.1 at 2013-08-01 05:42:00 -0700
Served asset /jquery.js - 304 Not Modified (0ms)


Started GET "/assets/application.js?body=1" for 127.0.0.1 at 2013-08-01 05:42:00 -0700
Served asset /application.js - 304 Not Modified (2ms)


Started DELETE "/movies/20" for 127.0.0.1 at 2013-08-01 05:42:01 -0700
  Processing by MoviesController#destroy as HTML
  Parameters: {"authenticity_token"=>"OQMlTNXKp1SqojVgnxl+ilYvLPrmPS9UNELiIgmtkCw=", "id"=>"20"}
  [1m[35mMovie Load (1.2ms)[0m  SELECT "movies".* FROM "movies" WHERE "movies"."id" = ? LIMIT 1  [["id", "20"]]
  [1m[36mSQL (3.0ms)[0m  [1mDELETE FROM "movies" WHERE "movies"."id" = ?[0m  [["id", 20]]
Redirected to http://localhost:3000/movies
Completed 302 Found in 17ms


Started GET "/movies" for 127.0.0.1 at 2013-08-01 05:42:01 -0700
  Processing by MoviesController#index as HTML
  [1m[35mMovie Load (1.6ms)[0m  SELECT "movies".* FROM "movies" 
Rendered movies/index.html.haml within layouts/application (9.0ms)
Completed 200 OK in 79ms (Views: 72.9ms | ActiveRecord: 4.5ms)


Started GET "/assets/application.css?body=1" for 127.0.0.1 at 2013-08-01 05:42:01 -0700
Served asset /application.css - 304 Not Modified (10ms)


Started GET "/assets/jquery_ujs.js?body=1" for 127.0.0.1 at 2013-08-01 05:42:01 -0700
Served asset /jquery_ujs.js - 304 Not Modified (0ms)


Started GET "/assets/jquery.js?body=1" for 127.0.0.1 at 2013-08-01 05:42:01 -0700
Served asset /jquery.js - 304 Not Modified (0ms)


Started GET "/assets/application.js?body=1" for 127.0.0.1 at 2013-08-01 05:42:01 -0700
Served asset /application.js - 304 Not Modified (1ms)


Started GET "/movies" for 127.0.0.1 at 2013-08-01 05:42:04 -0700
  Processing by MoviesController#index as HTML
  [1m[36mMovie Load (1.3ms)[0m  [1mSELECT "movies".* FROM "movies" [0m
Rendered movies/index.html.haml within layouts/application (9.0ms)
Completed 200 OK in 74ms (Views: 69.3ms | ActiveRecord: 3.8ms)


Started GET "/assets/application.css?body=1" for 127.0.0.1 at 2013-08-01 05:42:04 -0700
Served asset /application.css - 304 Not Modified (7ms)


Started GET "/assets/jquery_ujs.js?body=1" for 127.0.0.1 at 2013-08-01 05:42:04 -0700
Served asset /jquery_ujs.js - 304 Not Modified (0ms)


Started GET "/assets/application.js?body=1" for 127.0.0.1 at 2013-08-01 05:42:04 -0700
Served asset /application.js - 304 Not Modified (1ms)


Started GET "/assets/jquery.js?body=1" for 127.0.0.1 at 2013-08-01 05:42:04 -0700
Served asset /jquery.js - 304 Not Modified (0ms)
  [1m[36m (1.1ms)[0m  [1mSELECT "schema_migrations"."version" FROM "schema_migrations" [0m
Migrating to CreateMovies (20111119180638)
  [1m[35m (1.2ms)[0m  select sqlite_version(*)
  [1m[36m (1.1ms)[0m  [1mSELECT "schema_migrations"."version" FROM "schema_migrations" [0m
  [1m[35m (0.0ms)[0m  PRAGMA index_list("movies")
  [1m[36m (1.0ms)[0m  [1mSELECT "schema_migrations"."version" FROM "schema_migrations" [0m
  [1m[35mSQL (16.8ms)[0m  INSERT INTO "movies" ("created_at", "description", "rating", "release_date", "title", "updated_at") VALUES (?, ?, ?, ?, ?, ?)  [["created_at", Thu, 01 Aug 2013 12:42:21 UTC +00:00], ["description", nil], ["rating", "G"], ["release_date", Wed, 25 Nov 1992 00:00:00 UTC +00:00], ["title", "Aladdin"], ["updated_at", Thu, 01 Aug 2013 12:42:21 UTC +00:00]]
  [1m[36mSQL (4.4ms)[0m  [1mINSERT INTO "movies" ("created_at", "description", "rating", "release_date", "title", "updated_at") VALUES (?, ?, ?, ?, ?, ?)[0m  [["created_at", Thu, 01 Aug 2013 12:42:21 UTC +00:00], ["description", nil], ["rating", "R"], ["release_date", Fri, 26 Oct 1984 00:00:00 UTC +00:00], ["title", "The Terminator"], ["updated_at", Thu, 01 Aug 2013 12:42:21 UTC +00:00]]
  [1m[35mSQL (4.2ms)[0m  INSERT INTO "movies" ("created_at", "description", "rating", "release_date", "title", "updated_at") VALUES (?, ?, ?, ?, ?, ?)  [["created_at", Thu, 01 Aug 2013 12:42:21 UTC +00:00], ["description", nil], ["rating", "R"], ["release_date", Fri, 21 Jul 1989 00:00:00 UTC +00:00], ["title", "When Harry Met Sally"], ["updated_at", Thu, 01 Aug 2013 12:42:21 UTC +00:00]]
  [1m[36mSQL (4.2ms)[0m  [1mINSERT INTO "movies" ("created_at", "description", "rating", "release_date", "title", "updated_at") VALUES (?, ?, ?, ?, ?, ?)[0m  [["created_at", Thu, 01 Aug 2013 12:42:21 UTC +00:00], ["description", nil], ["rating", "PG-13"], ["release_date", Wed, 10 Aug 2011 00:00:00 UTC +00:00], ["title", "The Help"], ["updated_at", Thu, 01 Aug 2013 12:42:21 UTC +00:00]]
  [1m[35mSQL (3.7ms)[0m  INSERT INTO "movies" ("created_at", "description", "rating", "release_date", "title", "updated_at") VALUES (?, ?, ?, ?, ?, ?)  [["created_at", Thu, 01 Aug 2013 12:42:21 UTC +00:00], ["description", nil], ["rating", "PG-13"], ["release_date", Fri, 05 Jan 2001 00:00:00 UTC +00:00], ["title", "Chocolat"], ["updated_at", Thu, 01 Aug 2013 12:42:21 UTC +00:00]]
  [1m[36mSQL (4.3ms)[0m  [1mINSERT INTO "movies" ("created_at", "description", "rating", "release_date", "title", "updated_at") VALUES (?, ?, ?, ?, ?, ?)[0m  [["created_at", Thu, 01 Aug 2013 12:42:21 UTC +00:00], ["description", nil], ["rating", "R"], ["release_date", Wed, 25 Apr 2001 00:00:00 UTC +00:00], ["title", "Amelie"], ["updated_at", Thu, 01 Aug 2013 12:42:21 UTC +00:00]]
  [1m[35mSQL (4.1ms)[0m  INSERT INTO "movies" ("created_at", "description", "rating", "release_date", "title", "updated_at") VALUES (?, ?, ?, ?, ?, ?)  [["created_at", Thu, 01 Aug 2013 12:42:21 UTC +00:00], ["description", nil], ["rating", "G"], ["release_date", Sat, 06 Apr 1968 00:00:00 UTC +00:00], ["title", "2001: A Space Odyssey"], ["updated_at", Thu, 01 Aug 2013 12:42:21 UTC +00:00]]
  [1m[36mSQL (3.3ms)[0m  [1mINSERT INTO "movies" ("created_at", "description", "rating", "release_date", "title", "updated_at") VALUES (?, ?, ?, ?, ?, ?)[0m  [["created_at", Thu, 01 Aug 2013 12:42:21 UTC +00:00], ["description", nil], ["rating", "PG"], ["release_date", Fri, 05 Nov 2004 00:00:00 UTC +00:00], ["title", "The Incredibles"], ["updated_at", Thu, 01 Aug 2013 12:42:21 UTC +00:00]]
  [1m[35mSQL (3.9ms)[0m  INSERT INTO "movies" ("created_at", "description", "rating", "release_date", "title", "updated_at") VALUES (?, ?, ?, ?, ?, ?)  [["created_at", Thu, 01 Aug 2013 12:42:21 UTC +00:00], ["description", nil], ["rating", "PG"], ["release_date", Fri, 12 Jun 1981 00:00:00 UTC +00:00], ["title", "Raiders of the Lost Ark"], ["updated_at", Thu, 01 Aug 2013 12:42:21 UTC +00:00]]
  [1m[36mSQL (4.2ms)[0m  [1mINSERT INTO "movies" ("created_at", "description", "rating", "release_date", "title", "updated_at") VALUES (?, ?, ?, ?, ?, ?)[0m  [["created_at", Thu, 01 Aug 2013 12:42:21 UTC +00:00], ["description", nil], ["rating", "G"], ["release_date", Wed, 21 Jun 2000 00:00:00 UTC +00:00], ["title", "Chicken Run"], ["updated_at", Thu, 01 Aug 2013 12:42:21 UTC +00:00]]


Started GET "/movies" for 127.0.0.1 at 2013-08-01 05:42:31 -0700
  Processing by MoviesController#index as HTML
  [1m[36mMovie Load (2.3ms)[0m  [1mSELECT "movies".* FROM "movies" [0m
Rendered movies/index.html.haml within layouts/application (20.1ms)
Completed 200 OK in 200ms (Views: 195.2ms | ActiveRecord: 3.4ms)


Started GET "/assets/application.css?body=1" for 127.0.0.1 at 2013-08-01 05:42:32 -0700
Served asset /application.css - 304 Not Modified (11ms)


Started GET "/assets/jquery_ujs.js?body=1" for 127.0.0.1 at 2013-08-01 05:42:33 -0700
Served asset /jquery_ujs.js - 304 Not Modified (8ms)


Started GET "/assets/application.js?body=1" for 127.0.0.1 at 2013-08-01 05:42:33 -0700
Served asset /application.js - 304 Not Modified (9ms)


Started GET "/assets/jquery.js?body=1" for 127.0.0.1 at 2013-08-01 05:42:33 -0700
Served asset /jquery.js - 304 Not Modified (11ms)
  [1m[36m (1.1ms)[0m  [1mSELECT "schema_migrations"."version" FROM "schema_migrations" [0m
  [1m[35mSQL (15.2ms)[0m  INSERT INTO "movies" ("created_at", "description", "rating", "release_date", "title", "updated_at") VALUES (?, ?, ?, ?, ?, ?)  [["created_at", Thu, 01 Aug 2013 12:43:54 UTC +00:00], ["description", nil], ["rating", "G"], ["release_date", Wed, 25 Nov 1992 00:00:00 UTC +00:00], ["title", "Aladdin"], ["updated_at", Thu, 01 Aug 2013 12:43:54 UTC +00:00]]
  [1m[36mSQL (4.0ms)[0m  [1mINSERT INTO "movies" ("created_at", "description", "rating", "release_date", "title", "updated_at") VALUES (?, ?, ?, ?, ?, ?)[0m  [["created_at", Thu, 01 Aug 2013 12:43:54 UTC +00:00], ["description", nil], ["rating", "R"], ["release_date", Fri, 26 Oct 1984 00:00:00 UTC +00:00], ["title", "The Terminator"], ["updated_at", Thu, 01 Aug 2013 12:43:54 UTC +00:00]]
  [1m[35mSQL (3.8ms)[0m  INSERT INTO "movies" ("created_at", "description", "rating", "release_date", "title", "updated_at") VALUES (?, ?, ?, ?, ?, ?)  [["created_at", Thu, 01 Aug 2013 12:43:54 UTC +00:00], ["description", nil], ["rating", "R"], ["release_date", Fri, 21 Jul 1989 00:00:00 UTC +00:00], ["title", "When Harry Met Sally"], ["updated_at", Thu, 01 Aug 2013 12:43:54 UTC +00:00]]
  [1m[36mSQL (4.1ms)[0m  [1mINSERT INTO "movies" ("created_at", "description", "rating", "release_date", "title", "updated_at") VALUES (?, ?, ?, ?, ?, ?)[0m  [["created_at", Thu, 01 Aug 2013 12:43:54 UTC +00:00], ["description", nil], ["rating", "PG-13"], ["release_date", Wed, 10 Aug 2011 00:00:00 UTC +00:00], ["title", "The Help"], ["updated_at", Thu, 01 Aug 2013 12:43:54 UTC +00:00]]
  [1m[35mSQL (4.6ms)[0m  INSERT INTO "movies" ("created_at", "description", "rating", "release_date", "title", "updated_at") VALUES (?, ?, ?, ?, ?, ?)  [["created_at", Thu, 01 Aug 2013 12:43:54 UTC +00:00], ["description", nil], ["rating", "PG-13"], ["release_date", Fri, 05 Jan 2001 00:00:00 UTC +00:00], ["title", "Chocolat"], ["updated_at", Thu, 01 Aug 2013 12:43:54 UTC +00:00]]
  [1m[36mSQL (4.4ms)[0m  [1mINSERT INTO "movies" ("created_at", "description", "rating", "release_date", "title", "updated_at") VALUES (?, ?, ?, ?, ?, ?)[0m  [["created_at", Thu, 01 Aug 2013 12:43:54 UTC +00:00], ["description", nil], ["rating", "R"], ["release_date", Wed, 25 Apr 2001 00:00:00 UTC +00:00], ["title", "Amelie"], ["updated_at", Thu, 01 Aug 2013 12:43:54 UTC +00:00]]
  [1m[35mSQL (4.1ms)[0m  INSERT INTO "movies" ("created_at", "description", "rating", "release_date", "title", "updated_at") VALUES (?, ?, ?, ?, ?, ?)  [["created_at", Thu, 01 Aug 2013 12:43:54 UTC +00:00], ["description", nil], ["rating", "G"], ["release_date", Sat, 06 Apr 1968 00:00:00 UTC +00:00], ["title", "2001: A Space Odyssey"], ["updated_at", Thu, 01 Aug 2013 12:43:54 UTC +00:00]]
  [1m[36mSQL (4.0ms)[0m  [1mINSERT INTO "movies" ("created_at", "description", "rating", "release_date", "title", "updated_at") VALUES (?, ?, ?, ?, ?, ?)[0m  [["created_at", Thu, 01 Aug 2013 12:43:54 UTC +00:00], ["description", nil], ["rating", "PG"], ["release_date", Fri, 05 Nov 2004 00:00:00 UTC +00:00], ["title", "The Incredibles"], ["updated_at", Thu, 01 Aug 2013 12:43:54 UTC +00:00]]
  [1m[35mSQL (4.0ms)[0m  INSERT INTO "movies" ("created_at", "description", "rating", "release_date", "title", "updated_at") VALUES (?, ?, ?, ?, ?, ?)  [["created_at", Thu, 01 Aug 2013 12:43:54 UTC +00:00], ["description", nil], ["rating", "PG"], ["release_date", Fri, 12 Jun 1981 00:00:00 UTC +00:00], ["title", "Raiders of the Lost Ark"], ["updated_at", Thu, 01 Aug 2013 12:43:54 UTC +00:00]]
  [1m[36mSQL (3.6ms)[0m  [1mINSERT INTO "movies" ("created_at", "description", "rating", "release_date", "title", "updated_at") VALUES (?, ?, ?, ?, ?, ?)[0m  [["created_at", Thu, 01 Aug 2013 12:43:54 UTC +00:00], ["description", nil], ["rating", "G"], ["release_date", Wed, 21 Jun 2000 00:00:00 UTC +00:00], ["title", "Chicken Run"], ["updated_at", Thu, 01 Aug 2013 12:43:54 UTC +00:00]]


Started GET "/movies" for 127.0.0.1 at 2013-08-01 05:44:02 -0700
  Processing by MoviesController#index as HTML
  [1m[36mMovie Load (1.7ms)[0m  [1mSELECT "movies".* FROM "movies" [0m
Rendered movies/index.html.haml within layouts/application (48.0ms)
Completed 200 OK in 204ms (Views: 200.2ms | ActiveRecord: 2.9ms)


Started GET "/assets/application.css?body=1" for 127.0.0.1 at 2013-08-01 05:44:03 -0700
Served asset /application.css - 304 Not Modified (2ms)


Started GET "/assets/jquery.js?body=1" for 127.0.0.1 at 2013-08-01 05:44:03 -0700
Served asset /jquery.js - 304 Not Modified (10ms)


Started GET "/assets/jquery_ujs.js?body=1" for 127.0.0.1 at 2013-08-01 05:44:04 -0700
Served asset /jquery_ujs.js - 304 Not Modified (12ms)


Started GET "/assets/application.js?body=1" for 127.0.0.1 at 2013-08-01 05:44:04 -0700
Served asset /application.js - 304 Not Modified (6ms)


Started GET "/movies" for 127.0.0.1 at 2013-08-01 05:44:59 -0700
  Processing by MoviesController#index as HTML
  [1m[36mMovie Load (2.4ms)[0m  [1mSELECT "movies".* FROM "movies" [0m
Rendered movies/index.html.haml within layouts/application (17.0ms)
Completed 200 OK in 174ms (Views: 169.7ms | ActiveRecord: 3.5ms)


Started GET "/assets/application.css?body=1" for 127.0.0.1 at 2013-08-01 05:45:00 -0700
Served asset /application.css - 304 Not Modified (8ms)


Started GET "/assets/application.js?body=1" for 127.0.0.1 at 2013-08-01 05:45:01 -0700
Served asset /application.js - 304 Not Modified (6ms)


Started GET "/assets/jquery_ujs.js?body=1" for 127.0.0.1 at 2013-08-01 05:45:01 -0700
Served asset /jquery_ujs.js - 304 Not Modified (10ms)


Started GET "/assets/jquery.js?body=1" for 127.0.0.1 at 2013-08-01 05:45:01 -0700
Served asset /jquery.js - 304 Not Modified (9ms)
